[INFO][2018-04-2011:29:53][org.springframework.context.support.ClassPathXmlApplicationContext]Refreshing org.springframework.context.support.ClassPathXmlApplicationContext@34033bd0: startup date [Fri Apr 20 11:29:53 CST 2018]; root of context hierarchy
[INFO][2018-04-2011:29:53][org.springframework.beans.factory.xml.XmlBeanDefinitionReader]Loading XML bean definitions from class path resource [spring-activemq.xml]
[INFO][2018-04-2011:31:17][org.springframework.context.support.ClassPathXmlApplicationContext]Refreshing org.springframework.context.support.ClassPathXmlApplicationContext@34033bd0: startup date [Fri Apr 20 11:31:17 CST 2018]; root of context hierarchy
[INFO][2018-04-2011:31:17][org.springframework.beans.factory.xml.XmlBeanDefinitionReader]Loading XML bean definitions from class path resource [spring-activemq.xml]
[INFO][2018-04-2011:31:49][org.springframework.context.support.ClassPathXmlApplicationContext]Refreshing org.springframework.context.support.ClassPathXmlApplicationContext@34033bd0: startup date [Fri Apr 20 11:31:49 CST 2018]; root of context hierarchy
[INFO][2018-04-2011:31:49][org.springframework.beans.factory.xml.XmlBeanDefinitionReader]Loading XML bean definitions from class path resource [spring-activemq.xml]
[INFO][2018-04-2012:31:54][org.springframework.context.support.ClassPathXmlApplicationContext]Refreshing org.springframework.context.support.ClassPathXmlApplicationContext@7cdbc5d3: startup date [Fri Apr 20 12:31:54 CST 2018]; root of context hierarchy
[INFO][2018-04-2012:31:54][org.springframework.beans.factory.xml.XmlBeanDefinitionReader]Loading XML bean definitions from class path resource [spring-activemq.xml]
[INFO][2018-04-2012:35:39][org.springframework.context.support.ClassPathXmlApplicationContext]Refreshing org.springframework.context.support.ClassPathXmlApplicationContext@34033bd0: startup date [Fri Apr 20 12:35:39 CST 2018]; root of context hierarchy
[INFO][2018-04-2012:35:39][org.springframework.beans.factory.xml.XmlBeanDefinitionReader]Loading XML bean definitions from class path resource [spring-activemq.xml]
[INFO][2018-04-2012:37:40][org.springframework.context.support.ClassPathXmlApplicationContext]Refreshing org.springframework.context.support.ClassPathXmlApplicationContext@34033bd0: startup date [Fri Apr 20 12:37:40 CST 2018]; root of context hierarchy
[INFO][2018-04-2012:37:41][org.springframework.beans.factory.xml.XmlBeanDefinitionReader]Loading XML bean definitions from class path resource [spring-activemq.xml]
[INFO][2018-04-2012:38:05][org.springframework.context.support.ClassPathXmlApplicationContext]Refreshing org.springframework.context.support.ClassPathXmlApplicationContext@7cdbc5d3: startup date [Fri Apr 20 12:38:05 CST 2018]; root of context hierarchy
[INFO][2018-04-2012:38:05][org.springframework.beans.factory.xml.XmlBeanDefinitionReader]Loading XML bean definitions from class path resource [spring-activemq.xml]
[INFO][2018-04-2012:44:21][org.springframework.context.support.ClassPathXmlApplicationContext]Refreshing org.springframework.context.support.ClassPathXmlApplicationContext@34033bd0: startup date [Fri Apr 20 12:44:21 CST 2018]; root of context hierarchy
[INFO][2018-04-2012:44:21][org.springframework.beans.factory.xml.XmlBeanDefinitionReader]Loading XML bean definitions from class path resource [spring-activemq.xml]
[INFO][2018-04-2012:44:33][org.springframework.context.support.ClassPathXmlApplicationContext]Refreshing org.springframework.context.support.ClassPathXmlApplicationContext@34033bd0: startup date [Fri Apr 20 12:44:33 CST 2018]; root of context hierarchy
[INFO][2018-04-2012:44:33][org.springframework.beans.factory.xml.XmlBeanDefinitionReader]Loading XML bean definitions from class path resource [spring-activemq.xml]
[INFO][2018-04-2012:44:46][org.springframework.context.support.ClassPathXmlApplicationContext]Refreshing org.springframework.context.support.ClassPathXmlApplicationContext@34033bd0: startup date [Fri Apr 20 12:44:46 CST 2018]; root of context hierarchy
[INFO][2018-04-2012:44:46][org.springframework.beans.factory.xml.XmlBeanDefinitionReader]Loading XML bean definitions from class path resource [spring-activemq.xml]
[INFO][2018-04-2012:46:43][org.springframework.context.support.ClassPathXmlApplicationContext]Refreshing org.springframework.context.support.ClassPathXmlApplicationContext@34033bd0: startup date [Fri Apr 20 12:46:43 CST 2018]; root of context hierarchy
[INFO][2018-04-2012:46:43][org.springframework.beans.factory.xml.XmlBeanDefinitionReader]Loading XML bean definitions from class path resource [spring-activemq.xml]
[INFO][2018-04-2012:49:03][org.springframework.context.support.ClassPathXmlApplicationContext]Refreshing org.springframework.context.support.ClassPathXmlApplicationContext@34033bd0: startup date [Fri Apr 20 12:49:03 CST 2018]; root of context hierarchy
[INFO][2018-04-2012:49:03][org.springframework.beans.factory.xml.XmlBeanDefinitionReader]Loading XML bean definitions from class path resource [spring-activemq.xml]
[INFO][2018-04-2012:49:50][org.springframework.context.support.ClassPathXmlApplicationContext]Refreshing org.springframework.context.support.ClassPathXmlApplicationContext@34033bd0: startup date [Fri Apr 20 12:49:50 CST 2018]; root of context hierarchy
[INFO][2018-04-2012:49:50][org.springframework.beans.factory.xml.XmlBeanDefinitionReader]Loading XML bean definitions from class path resource [spring-activemq.xml]
[INFO][2018-04-2012:51:59][org.springframework.context.support.ClassPathXmlApplicationContext]Refreshing org.springframework.context.support.ClassPathXmlApplicationContext@34033bd0: startup date [Fri Apr 20 12:51:59 CST 2018]; root of context hierarchy
[INFO][2018-04-2012:52:00][org.springframework.beans.factory.xml.XmlBeanDefinitionReader]Loading XML bean definitions from class path resource [spring-activemq.xml]
[INFO][2018-04-2012:58:46][org.springframework.context.support.ClassPathXmlApplicationContext]Refreshing org.springframework.context.support.ClassPathXmlApplicationContext@34033bd0: startup date [Fri Apr 20 12:58:46 CST 2018]; root of context hierarchy
[INFO][2018-04-2012:58:46][org.springframework.beans.factory.xml.XmlBeanDefinitionReader]Loading XML bean definitions from class path resource [spring-activemq.xml]
[INFO][2018-04-2012:59:14][org.springframework.context.support.ClassPathXmlApplicationContext]Refreshing org.springframework.context.support.ClassPathXmlApplicationContext@34033bd0: startup date [Fri Apr 20 12:59:14 CST 2018]; root of context hierarchy
[INFO][2018-04-2012:59:14][org.springframework.beans.factory.xml.XmlBeanDefinitionReader]Loading XML bean definitions from class path resource [spring-activemq.xml]
[INFO][2018-04-2013:02:24][org.springframework.context.support.ClassPathXmlApplicationContext]Refreshing org.springframework.context.support.ClassPathXmlApplicationContext@34033bd0: startup date [Fri Apr 20 13:02:24 CST 2018]; root of context hierarchy
[INFO][2018-04-2013:02:25][org.springframework.beans.factory.xml.XmlBeanDefinitionReader]Loading XML bean definitions from class path resource [spring-activemq.xml]
[INFO][2018-04-2013:03:39][org.springframework.context.support.ClassPathXmlApplicationContext]Refreshing org.springframework.context.support.ClassPathXmlApplicationContext@34033bd0: startup date [Fri Apr 20 13:03:39 CST 2018]; root of context hierarchy
[INFO][2018-04-2013:03:40][org.springframework.beans.factory.xml.XmlBeanDefinitionReader]Loading XML bean definitions from class path resource [spring-activemq.xml]
[INFO][2018-04-2013:05:47][org.springframework.context.support.ClassPathXmlApplicationContext]Refreshing org.springframework.context.support.ClassPathXmlApplicationContext@34033bd0: startup date [Fri Apr 20 13:05:47 CST 2018]; root of context hierarchy
[INFO][2018-04-2013:05:47][org.springframework.beans.factory.xml.XmlBeanDefinitionReader]Loading XML bean definitions from class path resource [spring-activemq.xml]
[INFO][2018-04-2013:07:00][org.springframework.context.support.ClassPathXmlApplicationContext]Refreshing org.springframework.context.support.ClassPathXmlApplicationContext@34033bd0: startup date [Fri Apr 20 13:07:00 CST 2018]; root of context hierarchy
[INFO][2018-04-2013:07:00][org.springframework.beans.factory.xml.XmlBeanDefinitionReader]Loading XML bean definitions from class path resource [spring-activemq.xml]
[WARN][2018-04-2013:07:01][org.springframework.beans.factory.xml.XmlBeanDefinitionReader]Ignored XML validation warning
org.xml.sax.SAXParseException; lineNumber: 12; columnNumber: 2; SchemaLocation: schemaLocation 值 'http://www.springframework.org/schema/beans          http://www.springframework.org/schema/beans/spring-beans-2.0.xsd          http://activemq.apache.org/schema/core http://activemq.apache.org/schema/core/activemq-core.xsd          http://www.springframework.org/schema/context' 必须具有偶数个 URI。
	at com.sun.org.apache.xerces.internal.util.ErrorHandlerWrapper.createSAXParseException(ErrorHandlerWrapper.java:203)
	at com.sun.org.apache.xerces.internal.util.ErrorHandlerWrapper.warning(ErrorHandlerWrapper.java:99)
	at com.sun.org.apache.xerces.internal.impl.XMLErrorReporter.reportError(XMLErrorReporter.java:392)
	at com.sun.org.apache.xerces.internal.impl.XMLErrorReporter.reportError(XMLErrorReporter.java:327)
	at com.sun.org.apache.xerces.internal.impl.XMLErrorReporter.reportError(XMLErrorReporter.java:284)
	at com.sun.org.apache.xerces.internal.impl.xs.XMLSchemaValidator$XSIErrorReporter.reportError(XMLSchemaValidator.java:452)
	at com.sun.org.apache.xerces.internal.impl.xs.XMLSchemaValidator.storeLocations(XMLSchemaValidator.java:2347)
	at com.sun.org.apache.xerces.internal.impl.xs.XMLSchemaValidator.handleStartElement(XMLSchemaValidator.java:1754)
	at com.sun.org.apache.xerces.internal.impl.xs.XMLSchemaValidator.startElement(XMLSchemaValidator.java:740)
	at com.sun.org.apache.xerces.internal.impl.XMLNSDocumentScannerImpl.scanStartElement(XMLNSDocumentScannerImpl.java:374)
	at com.sun.org.apache.xerces.internal.impl.XMLNSDocumentScannerImpl$NSContentDriver.scanRootElementHook(XMLNSDocumentScannerImpl.java:613)
	at com.sun.org.apache.xerces.internal.impl.XMLDocumentFragmentScannerImpl$FragmentContentDriver.next(XMLDocumentFragmentScannerImpl.java:3132)
	at com.sun.org.apache.xerces.internal.impl.XMLDocumentScannerImpl$PrologDriver.next(XMLDocumentScannerImpl.java:852)
	at com.sun.org.apache.xerces.internal.impl.XMLDocumentScannerImpl.next(XMLDocumentScannerImpl.java:602)
	at com.sun.org.apache.xerces.internal.impl.XMLNSDocumentScannerImpl.next(XMLNSDocumentScannerImpl.java:112)
	at com.sun.org.apache.xerces.internal.impl.XMLDocumentFragmentScannerImpl.scanDocument(XMLDocumentFragmentScannerImpl.java:505)
	at com.sun.org.apache.xerces.internal.parsers.XML11Configuration.parse(XML11Configuration.java:841)
	at com.sun.org.apache.xerces.internal.parsers.XML11Configuration.parse(XML11Configuration.java:770)
	at com.sun.org.apache.xerces.internal.parsers.XMLParser.parse(XMLParser.java:141)
	at com.sun.org.apache.xerces.internal.parsers.DOMParser.parse(DOMParser.java:243)
	at com.sun.org.apache.xerces.internal.jaxp.DocumentBuilderImpl.parse(DocumentBuilderImpl.java:339)
	at org.springframework.beans.factory.xml.DefaultDocumentLoader.loadDocument(DefaultDocumentLoader.java:76)
	at org.springframework.beans.factory.xml.XmlBeanDefinitionReader.doLoadDocument(XmlBeanDefinitionReader.java:429)
	at org.springframework.beans.factory.xml.XmlBeanDefinitionReader.doLoadBeanDefinitions(XmlBeanDefinitionReader.java:391)
	at org.springframework.beans.factory.xml.XmlBeanDefinitionReader.loadBeanDefinitions(XmlBeanDefinitionReader.java:336)
	at org.springframework.beans.factory.xml.XmlBeanDefinitionReader.loadBeanDefinitions(XmlBeanDefinitionReader.java:304)
	at org.springframework.beans.factory.support.AbstractBeanDefinitionReader.loadBeanDefinitions(AbstractBeanDefinitionReader.java:181)
	at org.springframework.beans.factory.support.AbstractBeanDefinitionReader.loadBeanDefinitions(AbstractBeanDefinitionReader.java:217)
	at org.springframework.beans.factory.support.AbstractBeanDefinitionReader.loadBeanDefinitions(AbstractBeanDefinitionReader.java:188)
	at org.springframework.beans.factory.support.AbstractBeanDefinitionReader.loadBeanDefinitions(AbstractBeanDefinitionReader.java:252)
	at org.springframework.context.support.AbstractXmlApplicationContext.loadBeanDefinitions(AbstractXmlApplicationContext.java:126)
	at org.springframework.context.support.AbstractXmlApplicationContext.loadBeanDefinitions(AbstractXmlApplicationContext.java:92)
	at org.springframework.context.support.AbstractRefreshableApplicationContext.refreshBeanFactory(AbstractRefreshableApplicationContext.java:130)
	at org.springframework.context.support.AbstractApplicationContext.obtainFreshBeanFactory(AbstractApplicationContext.java:467)
	at org.springframework.context.support.AbstractApplicationContext.refresh(AbstractApplicationContext.java:397)
	at org.springframework.context.support.ClassPathXmlApplicationContext.<init>(ClassPathXmlApplicationContext.java:139)
	at org.springframework.context.support.ClassPathXmlApplicationContext.<init>(ClassPathXmlApplicationContext.java:83)
	at OnlyForTest.testAmqProducer(OnlyForTest.java:14)
	at sun.reflect.NativeMethodAccessorImpl.invoke0(Native Method)
	at sun.reflect.NativeMethodAccessorImpl.invoke(NativeMethodAccessorImpl.java:62)
	at sun.reflect.DelegatingMethodAccessorImpl.invoke(DelegatingMethodAccessorImpl.java:43)
	at java.lang.reflect.Method.invoke(Method.java:498)
	at org.junit.runners.model.FrameworkMethod$1.runReflectiveCall(FrameworkMethod.java:47)
	at org.junit.internal.runners.model.ReflectiveCallable.run(ReflectiveCallable.java:12)
	at org.junit.runners.model.FrameworkMethod.invokeExplosively(FrameworkMethod.java:44)
	at org.junit.internal.runners.statements.InvokeMethod.evaluate(InvokeMethod.java:17)
	at org.junit.runners.ParentRunner.runLeaf(ParentRunner.java:271)
	at org.junit.runners.BlockJUnit4ClassRunner.runChild(BlockJUnit4ClassRunner.java:70)
	at org.junit.runners.BlockJUnit4ClassRunner.runChild(BlockJUnit4ClassRunner.java:50)
	at org.junit.runners.ParentRunner$3.run(ParentRunner.java:238)
	at org.junit.runners.ParentRunner$1.schedule(ParentRunner.java:63)
	at org.junit.runners.ParentRunner.runChildren(ParentRunner.java:236)
	at org.junit.runners.ParentRunner.access$000(ParentRunner.java:53)
	at org.junit.runners.ParentRunner$2.evaluate(ParentRunner.java:229)
	at org.junit.runners.ParentRunner.run(ParentRunner.java:309)
	at org.junit.runner.JUnitCore.run(JUnitCore.java:160)
	at com.intellij.junit4.JUnit4IdeaTestRunner.startRunnerWithArgs(JUnit4IdeaTestRunner.java:69)
	at com.intellij.rt.execution.junit.JUnitStarter.prepareStreamsAndStart(JUnitStarter.java:234)
	at com.intellij.rt.execution.junit.JUnitStarter.main(JUnitStarter.java:74)
	at sun.reflect.NativeMethodAccessorImpl.invoke0(Native Method)
	at sun.reflect.NativeMethodAccessorImpl.invoke(NativeMethodAccessorImpl.java:62)
	at sun.reflect.DelegatingMethodAccessorImpl.invoke(DelegatingMethodAccessorImpl.java:43)
	at java.lang.reflect.Method.invoke(Method.java:498)
	at com.intellij.rt.execution.application.AppMain.main(AppMain.java:144)
[INFO][2018-04-2013:09:03][org.springframework.context.support.ClassPathXmlApplicationContext]Refreshing org.springframework.context.support.ClassPathXmlApplicationContext@34033bd0: startup date [Fri Apr 20 13:09:03 CST 2018]; root of context hierarchy
[INFO][2018-04-2013:09:03][org.springframework.beans.factory.xml.XmlBeanDefinitionReader]Loading XML bean definitions from class path resource [spring-activemq.xml]
[INFO][2018-04-2013:09:13][org.springframework.context.support.ClassPathXmlApplicationContext]Refreshing org.springframework.context.support.ClassPathXmlApplicationContext@34033bd0: startup date [Fri Apr 20 13:09:13 CST 2018]; root of context hierarchy
[INFO][2018-04-2013:09:14][org.springframework.beans.factory.xml.XmlBeanDefinitionReader]Loading XML bean definitions from class path resource [spring-activemq.xml]
[INFO][2018-04-2013:09:29][org.springframework.context.support.ClassPathXmlApplicationContext]Refreshing org.springframework.context.support.ClassPathXmlApplicationContext@34033bd0: startup date [Fri Apr 20 13:09:29 CST 2018]; root of context hierarchy
[INFO][2018-04-2013:09:29][org.springframework.beans.factory.xml.XmlBeanDefinitionReader]Loading XML bean definitions from class path resource [spring-activemq.xml]
[INFO][2018-04-2013:09:30][org.springframework.jms.connection.CachingConnectionFactory]Established shared JMS Connection: ActiveMQConnection {id=ID:Lenovo-PC-43403-1524200970737-0:1,clientId=null,started=false}
[INFO][2018-04-2013:16:58][org.springframework.context.support.ClassPathXmlApplicationContext]Refreshing org.springframework.context.support.ClassPathXmlApplicationContext@34033bd0: startup date [Fri Apr 20 13:16:58 CST 2018]; root of context hierarchy
[INFO][2018-04-2013:16:58][org.springframework.beans.factory.xml.XmlBeanDefinitionReader]Loading XML bean definitions from class path resource [spring-activemq.xml]
[INFO][2018-04-2013:17:36][org.springframework.context.support.ClassPathXmlApplicationContext]Refreshing org.springframework.context.support.ClassPathXmlApplicationContext@10d59286: startup date [Fri Apr 20 13:17:36 CST 2018]; root of context hierarchy
[INFO][2018-04-2013:17:37][org.springframework.beans.factory.xml.XmlBeanDefinitionReader]Loading XML bean definitions from class path resource [spring-activemq.xml]
[INFO][2018-04-2013:17:38][org.springframework.jms.connection.CachingConnectionFactory]Established shared JMS Connection: ActiveMQConnection {id=ID:Lenovo-PC-43548-1524201458299-0:1,clientId=null,started=false}
[INFO][2018-04-2014:13:14][org.springframework.context.support.ClassPathXmlApplicationContext]Refreshing org.springframework.context.support.ClassPathXmlApplicationContext@34033bd0: startup date [Fri Apr 20 14:13:14 CST 2018]; root of context hierarchy
[INFO][2018-04-2014:13:14][org.springframework.beans.factory.xml.XmlBeanDefinitionReader]Loading XML bean definitions from class path resource [spring-activemq.xml]
[INFO][2018-04-2014:13:15][org.springframework.context.support.DefaultLifecycleProcessor]Starting beans in phase 2147483647
[INFO][2018-04-2014:13:16][org.springframework.jms.connection.CachingConnectionFactory]Established shared JMS Connection: ActiveMQConnection {id=ID:Lenovo-PC-45889-1524204795861-0:2,clientId=null,started=false}
[WARN][2018-04-2014:13:16][org.springframework.jms.listener.DefaultMessageListenerContainer]Execution of JMS message listener failed, and no ErrorHandler has been set.
javax.jms.IllegalStateException: No default listener method specified: Either specify a non-null value for the 'defaultListenerMethod' property or override the 'getListenerMethodName' method.
	at org.springframework.jms.listener.adapter.MessageListenerAdapter.onMessage(MessageListenerAdapter.java:223)
	at org.springframework.jms.listener.AbstractMessageListenerContainer.doInvokeListener(AbstractMessageListenerContainer.java:660)
	at org.springframework.jms.listener.AbstractMessageListenerContainer.invokeListener(AbstractMessageListenerContainer.java:620)
	at org.springframework.jms.listener.AbstractMessageListenerContainer.doExecuteListener(AbstractMessageListenerContainer.java:591)
	at org.springframework.jms.listener.AbstractPollingMessageListenerContainer.doReceiveAndExecute(AbstractPollingMessageListenerContainer.java:308)
	at org.springframework.jms.listener.AbstractPollingMessageListenerContainer.receiveAndExecute(AbstractPollingMessageListenerContainer.java:246)
	at org.springframework.jms.listener.DefaultMessageListenerContainer$AsyncMessageListenerInvoker.invokeListener(DefaultMessageListenerContainer.java:1142)
	at org.springframework.jms.listener.DefaultMessageListenerContainer$AsyncMessageListenerInvoker.executeOngoingLoop(DefaultMessageListenerContainer.java:1134)
	at org.springframework.jms.listener.DefaultMessageListenerContainer$AsyncMessageListenerInvoker.run(DefaultMessageListenerContainer.java:1031)
	at java.lang.Thread.run(Thread.java:745)
[INFO][2018-04-2014:14:22][org.springframework.context.support.ClassPathXmlApplicationContext]Refreshing org.springframework.context.support.ClassPathXmlApplicationContext@34033bd0: startup date [Fri Apr 20 14:14:22 CST 2018]; root of context hierarchy
[INFO][2018-04-2014:14:22][org.springframework.beans.factory.xml.XmlBeanDefinitionReader]Loading XML bean definitions from class path resource [spring-activemq.xml]
[INFO][2018-04-2014:14:23][org.springframework.context.support.DefaultLifecycleProcessor]Starting beans in phase 2147483647
[INFO][2018-04-2014:14:36][org.springframework.context.support.ClassPathXmlApplicationContext]Refreshing org.springframework.context.support.ClassPathXmlApplicationContext@34033bd0: startup date [Fri Apr 20 14:14:36 CST 2018]; root of context hierarchy
[INFO][2018-04-2014:14:36][org.springframework.beans.factory.xml.XmlBeanDefinitionReader]Loading XML bean definitions from class path resource [spring-activemq.xml]
[INFO][2018-04-2014:14:37][org.springframework.context.support.DefaultLifecycleProcessor]Starting beans in phase 2147483647
[INFO][2018-04-2014:15:34][org.springframework.context.support.ClassPathXmlApplicationContext]Refreshing org.springframework.context.support.ClassPathXmlApplicationContext@34033bd0: startup date [Fri Apr 20 14:15:34 CST 2018]; root of context hierarchy
[INFO][2018-04-2014:15:34][org.springframework.beans.factory.xml.XmlBeanDefinitionReader]Loading XML bean definitions from class path resource [spring-activemq.xml]
[INFO][2018-04-2014:15:35][org.springframework.context.support.DefaultLifecycleProcessor]Starting beans in phase 2147483647
[INFO][2018-04-2014:16:28][org.springframework.context.support.ClassPathXmlApplicationContext]Refreshing org.springframework.context.support.ClassPathXmlApplicationContext@34033bd0: startup date [Fri Apr 20 14:16:28 CST 2018]; root of context hierarchy
[INFO][2018-04-2014:16:28][org.springframework.beans.factory.xml.XmlBeanDefinitionReader]Loading XML bean definitions from class path resource [spring-activemq.xml]
[INFO][2018-04-2014:16:29][org.springframework.context.support.DefaultLifecycleProcessor]Starting beans in phase 2147483647
[INFO][2018-04-2014:24:25][org.springframework.context.support.ClassPathXmlApplicationContext]Refreshing org.springframework.context.support.ClassPathXmlApplicationContext@34033bd0: startup date [Fri Apr 20 14:24:25 CST 2018]; root of context hierarchy
[INFO][2018-04-2014:24:26][org.springframework.beans.factory.xml.XmlBeanDefinitionReader]Loading XML bean definitions from class path resource [spring-activemq.xml]
[INFO][2018-04-2014:24:27][org.springframework.context.support.DefaultLifecycleProcessor]Starting beans in phase 2147483647
[INFO][2018-04-2014:24:27][org.springframework.jms.connection.CachingConnectionFactory]Established shared JMS Connection: ActiveMQConnection {id=ID:Lenovo-PC-46685-1524205467250-0:2,clientId=null,started=false}
[INFO][2018-04-2014:24:57][org.springframework.context.support.ClassPathXmlApplicationContext]Refreshing org.springframework.context.support.ClassPathXmlApplicationContext@34033bd0: startup date [Fri Apr 20 14:24:57 CST 2018]; root of context hierarchy
[INFO][2018-04-2014:24:57][org.springframework.beans.factory.xml.XmlBeanDefinitionReader]Loading XML bean definitions from class path resource [spring-activemq.xml]
[INFO][2018-04-2014:24:58][org.springframework.context.support.DefaultLifecycleProcessor]Starting beans in phase 2147483647
[INFO][2018-04-2014:25:18][org.springframework.context.support.ClassPathXmlApplicationContext]Refreshing org.springframework.context.support.ClassPathXmlApplicationContext@34033bd0: startup date [Fri Apr 20 14:25:18 CST 2018]; root of context hierarchy
[INFO][2018-04-2014:25:18][org.springframework.beans.factory.xml.XmlBeanDefinitionReader]Loading XML bean definitions from class path resource [spring-activemq.xml]
[INFO][2018-04-2014:25:18][org.springframework.context.support.DefaultLifecycleProcessor]Starting beans in phase 2147483647
[INFO][2018-04-2014:25:37][org.springframework.context.support.ClassPathXmlApplicationContext]Refreshing org.springframework.context.support.ClassPathXmlApplicationContext@34033bd0: startup date [Fri Apr 20 14:25:37 CST 2018]; root of context hierarchy
[INFO][2018-04-2014:25:37][org.springframework.beans.factory.xml.XmlBeanDefinitionReader]Loading XML bean definitions from class path resource [spring-activemq.xml]
[INFO][2018-04-2014:25:38][org.springframework.context.support.DefaultLifecycleProcessor]Starting beans in phase 2147483647
[INFO][2018-04-2014:25:38][org.springframework.jms.connection.CachingConnectionFactory]Established shared JMS Connection: ActiveMQConnection {id=ID:Lenovo-PC-46812-1524205538393-0:2,clientId=null,started=false}
[INFO][2018-04-2014:26:02][org.springframework.context.support.ClassPathXmlApplicationContext]Refreshing org.springframework.context.support.ClassPathXmlApplicationContext@34033bd0: startup date [Fri Apr 20 14:26:02 CST 2018]; root of context hierarchy
[INFO][2018-04-2014:26:02][org.springframework.beans.factory.xml.XmlBeanDefinitionReader]Loading XML bean definitions from class path resource [spring-activemq.xml]
[INFO][2018-04-2014:26:03][org.springframework.context.support.DefaultLifecycleProcessor]Starting beans in phase 2147483647
[INFO][2018-04-2014:26:03][org.springframework.jms.connection.CachingConnectionFactory]Established shared JMS Connection: ActiveMQConnection {id=ID:Lenovo-PC-46851-1524205563614-0:2,clientId=null,started=false}
[INFO][2018-04-2014:26:15][org.springframework.context.support.ClassPathXmlApplicationContext]Refreshing org.springframework.context.support.ClassPathXmlApplicationContext@34033bd0: startup date [Fri Apr 20 14:26:15 CST 2018]; root of context hierarchy
[INFO][2018-04-2014:26:15][org.springframework.beans.factory.xml.XmlBeanDefinitionReader]Loading XML bean definitions from class path resource [spring-activemq.xml]
[INFO][2018-04-2014:26:15][org.springframework.context.support.DefaultLifecycleProcessor]Starting beans in phase 2147483647
[INFO][2018-04-2014:26:16][org.springframework.jms.connection.CachingConnectionFactory]Established shared JMS Connection: ActiveMQConnection {id=ID:Lenovo-PC-46875-1524205576061-0:2,clientId=null,started=false}
[INFO][2018-04-2014:26:26][org.springframework.context.support.ClassPathXmlApplicationContext]Refreshing org.springframework.context.support.ClassPathXmlApplicationContext@34033bd0: startup date [Fri Apr 20 14:26:26 CST 2018]; root of context hierarchy
[INFO][2018-04-2014:26:26][org.springframework.beans.factory.xml.XmlBeanDefinitionReader]Loading XML bean definitions from class path resource [spring-activemq.xml]
[INFO][2018-04-2014:26:27][org.springframework.context.support.DefaultLifecycleProcessor]Starting beans in phase 2147483647
[INFO][2018-04-2014:26:27][org.springframework.jms.connection.CachingConnectionFactory]Established shared JMS Connection: ActiveMQConnection {id=ID:Lenovo-PC-46894-1524205587740-0:2,clientId=null,started=false}
[INFO][2018-04-2014:27:17][org.springframework.context.support.ClassPathXmlApplicationContext]Refreshing org.springframework.context.support.ClassPathXmlApplicationContext@34033bd0: startup date [Fri Apr 20 14:27:17 CST 2018]; root of context hierarchy
[INFO][2018-04-2014:27:17][org.springframework.beans.factory.xml.XmlBeanDefinitionReader]Loading XML bean definitions from class path resource [spring-activemq.xml]
[INFO][2018-04-2014:27:18][org.springframework.context.support.DefaultLifecycleProcessor]Starting beans in phase 2147483647
[INFO][2018-04-2014:27:18][org.springframework.jms.connection.CachingConnectionFactory]Established shared JMS Connection: ActiveMQConnection {id=ID:Lenovo-PC-46969-1524205638729-0:2,clientId=null,started=false}
[INFO][2018-04-2014:28:22][org.springframework.context.support.ClassPathXmlApplicationContext]Refreshing org.springframework.context.support.ClassPathXmlApplicationContext@34033bd0: startup date [Fri Apr 20 14:28:22 CST 2018]; root of context hierarchy
[INFO][2018-04-2014:28:22][org.springframework.beans.factory.xml.XmlBeanDefinitionReader]Loading XML bean definitions from class path resource [spring-activemq.xml]
[INFO][2018-04-2014:28:22][org.springframework.context.support.DefaultLifecycleProcessor]Starting beans in phase 2147483647
[INFO][2018-04-2014:28:23][org.springframework.jms.connection.CachingConnectionFactory]Established shared JMS Connection: ActiveMQConnection {id=ID:Lenovo-PC-47078-1524205703081-0:2,clientId=null,started=false}
[INFO][2018-04-2014:29:13][org.springframework.context.support.ClassPathXmlApplicationContext]Refreshing org.springframework.context.support.ClassPathXmlApplicationContext@34033bd0: startup date [Fri Apr 20 14:29:13 CST 2018]; root of context hierarchy
[INFO][2018-04-2014:29:13][org.springframework.beans.factory.xml.XmlBeanDefinitionReader]Loading XML bean definitions from class path resource [spring-activemq.xml]
[INFO][2018-04-2014:29:14][org.springframework.context.support.DefaultLifecycleProcessor]Starting beans in phase 2147483647
[INFO][2018-04-2014:29:14][org.springframework.jms.connection.CachingConnectionFactory]Established shared JMS Connection: ActiveMQConnection {id=ID:Lenovo-PC-47154-1524205754651-0:2,clientId=null,started=false}
[INFO][2018-04-2014:29:35][org.springframework.context.support.ClassPathXmlApplicationContext]Refreshing org.springframework.context.support.ClassPathXmlApplicationContext@34033bd0: startup date [Fri Apr 20 14:29:35 CST 2018]; root of context hierarchy
[INFO][2018-04-2014:29:35][org.springframework.beans.factory.xml.XmlBeanDefinitionReader]Loading XML bean definitions from class path resource [spring-activemq.xml]
[INFO][2018-04-2014:29:36][org.springframework.context.support.DefaultLifecycleProcessor]Starting beans in phase 2147483647
[INFO][2018-04-2014:29:36][org.springframework.jms.connection.CachingConnectionFactory]Established shared JMS Connection: ActiveMQConnection {id=ID:Lenovo-PC-47191-1524205776415-0:2,clientId=null,started=false}
[INFO][2018-04-2014:29:48][org.springframework.context.support.ClassPathXmlApplicationContext]Refreshing org.springframework.context.support.ClassPathXmlApplicationContext@34033bd0: startup date [Fri Apr 20 14:29:48 CST 2018]; root of context hierarchy
[INFO][2018-04-2014:29:48][org.springframework.beans.factory.xml.XmlBeanDefinitionReader]Loading XML bean definitions from class path resource [spring-activemq.xml]
[INFO][2018-04-2014:29:49][org.springframework.context.support.DefaultLifecycleProcessor]Starting beans in phase 2147483647
[INFO][2018-04-2014:29:49][org.springframework.jms.connection.CachingConnectionFactory]Established shared JMS Connection: ActiveMQConnection {id=ID:Lenovo-PC-47214-1524205789660-0:2,clientId=null,started=false}
[INFO][2018-04-2014:29:58][org.springframework.context.support.ClassPathXmlApplicationContext]Refreshing org.springframework.context.support.ClassPathXmlApplicationContext@34033bd0: startup date [Fri Apr 20 14:29:58 CST 2018]; root of context hierarchy
[INFO][2018-04-2014:29:58][org.springframework.beans.factory.xml.XmlBeanDefinitionReader]Loading XML bean definitions from class path resource [spring-activemq.xml]
[INFO][2018-04-2014:29:59][org.springframework.context.support.DefaultLifecycleProcessor]Starting beans in phase 2147483647
[INFO][2018-04-2014:29:59][org.springframework.jms.connection.CachingConnectionFactory]Established shared JMS Connection: ActiveMQConnection {id=ID:Lenovo-PC-47234-1524205799181-0:2,clientId=null,started=false}
[INFO][2018-04-2014:30:35][org.springframework.context.support.ClassPathXmlApplicationContext]Refreshing org.springframework.context.support.ClassPathXmlApplicationContext@34033bd0: startup date [Fri Apr 20 14:30:35 CST 2018]; root of context hierarchy
[INFO][2018-04-2014:30:35][org.springframework.beans.factory.xml.XmlBeanDefinitionReader]Loading XML bean definitions from class path resource [spring-activemq.xml]
[INFO][2018-04-2014:30:35][org.springframework.context.support.DefaultLifecycleProcessor]Starting beans in phase 2147483647
[INFO][2018-04-2014:30:36][org.springframework.jms.connection.CachingConnectionFactory]Established shared JMS Connection: ActiveMQConnection {id=ID:Lenovo-PC-47293-1524205836140-0:2,clientId=null,started=false}
[INFO][2018-04-2014:30:45][org.springframework.context.support.ClassPathXmlApplicationContext]Refreshing org.springframework.context.support.ClassPathXmlApplicationContext@34033bd0: startup date [Fri Apr 20 14:30:45 CST 2018]; root of context hierarchy
[INFO][2018-04-2014:30:46][org.springframework.beans.factory.xml.XmlBeanDefinitionReader]Loading XML bean definitions from class path resource [spring-activemq.xml]
[INFO][2018-04-2014:30:46][org.springframework.context.support.DefaultLifecycleProcessor]Starting beans in phase 2147483647
[INFO][2018-04-2014:30:47][org.springframework.jms.connection.CachingConnectionFactory]Established shared JMS Connection: ActiveMQConnection {id=ID:Lenovo-PC-47315-1524205847027-0:2,clientId=null,started=false}
[INFO][2018-04-2014:31:06][org.springframework.context.support.ClassPathXmlApplicationContext]Refreshing org.springframework.context.support.ClassPathXmlApplicationContext@34033bd0: startup date [Fri Apr 20 14:31:06 CST 2018]; root of context hierarchy
[INFO][2018-04-2014:31:07][org.springframework.beans.factory.xml.XmlBeanDefinitionReader]Loading XML bean definitions from class path resource [spring-activemq.xml]
[INFO][2018-04-2014:31:07][org.springframework.context.support.DefaultLifecycleProcessor]Starting beans in phase 2147483647
[INFO][2018-04-2014:31:08][org.springframework.jms.connection.CachingConnectionFactory]Established shared JMS Connection: ActiveMQConnection {id=ID:Lenovo-PC-47351-1524205867956-0:2,clientId=null,started=false}
[INFO][2018-04-2014:31:52][org.springframework.context.support.ClassPathXmlApplicationContext]Refreshing org.springframework.context.support.ClassPathXmlApplicationContext@34033bd0: startup date [Fri Apr 20 14:31:52 CST 2018]; root of context hierarchy
[INFO][2018-04-2014:31:52][org.springframework.beans.factory.xml.XmlBeanDefinitionReader]Loading XML bean definitions from class path resource [spring-activemq.xml]
[INFO][2018-04-2014:31:53][org.springframework.context.support.DefaultLifecycleProcessor]Starting beans in phase 2147483647
[INFO][2018-04-2014:31:53][org.springframework.jms.connection.CachingConnectionFactory]Established shared JMS Connection: ActiveMQConnection {id=ID:Lenovo-PC-47423-1524205913359-0:2,clientId=null,started=false}
[INFO][2018-04-2014:33:02][org.springframework.context.support.ClassPathXmlApplicationContext]Refreshing org.springframework.context.support.ClassPathXmlApplicationContext@34033bd0: startup date [Fri Apr 20 14:33:02 CST 2018]; root of context hierarchy
[INFO][2018-04-2014:33:02][org.springframework.beans.factory.xml.XmlBeanDefinitionReader]Loading XML bean definitions from class path resource [spring-activemq.xml]
[INFO][2018-04-2014:33:03][org.springframework.context.support.DefaultLifecycleProcessor]Starting beans in phase 2147483647
[INFO][2018-04-2014:33:03][org.springframework.jms.connection.CachingConnectionFactory]Established shared JMS Connection: ActiveMQConnection {id=ID:Lenovo-PC-47501-1524205983569-0:2,clientId=null,started=false}
[INFO][2018-04-2109:40:10][org.springframework.context.support.ClassPathXmlApplicationContext]Refreshing org.springframework.context.support.ClassPathXmlApplicationContext@34033bd0: startup date [Sat Apr 21 09:40:10 CST 2018]; root of context hierarchy
[INFO][2018-04-2109:40:10][org.springframework.beans.factory.xml.XmlBeanDefinitionReader]Loading XML bean definitions from class path resource [spring-activemq.xml]
[INFO][2018-04-2109:40:11][org.springframework.context.support.DefaultLifecycleProcessor]Starting beans in phase 2147483647
[INFO][2018-04-2109:40:11][org.springframework.jms.connection.CachingConnectionFactory]Established shared JMS Connection: ActiveMQConnection {id=ID:Lenovo-PC-65055-1524274811417-0:2,clientId=null,started=false}
[INFO][2018-04-2109:42:46][org.springframework.context.support.ClassPathXmlApplicationContext]Refreshing org.springframework.context.support.ClassPathXmlApplicationContext@34033bd0: startup date [Sat Apr 21 09:42:46 CST 2018]; root of context hierarchy
[INFO][2018-04-2109:42:46][org.springframework.beans.factory.xml.XmlBeanDefinitionReader]Loading XML bean definitions from class path resource [spring-activemq.xml]
[INFO][2018-04-2109:42:47][org.springframework.context.support.DefaultLifecycleProcessor]Starting beans in phase 2147483647
[INFO][2018-04-2109:42:47][org.springframework.jms.connection.CachingConnectionFactory]Established shared JMS Connection: ActiveMQConnection {id=ID:Lenovo-PC-65105-1524274967627-0:2,clientId=null,started=false}
[INFO][2018-04-2109:51:25][org.springframework.context.support.ClassPathXmlApplicationContext]Refreshing org.springframework.context.support.ClassPathXmlApplicationContext@34033bd0: startup date [Sat Apr 21 09:51:25 CST 2018]; root of context hierarchy
[INFO][2018-04-2109:51:25][org.springframework.beans.factory.xml.XmlBeanDefinitionReader]Loading XML bean definitions from class path resource [spring-activemq.xml]
[INFO][2018-04-2109:51:26][org.springframework.context.support.DefaultLifecycleProcessor]Starting beans in phase 2147483647
[INFO][2018-04-2109:51:26][org.springframework.jms.connection.CachingConnectionFactory]Established shared JMS Connection: ActiveMQConnection {id=ID:Lenovo-PC-65245-1524275486310-0:3,clientId=null,started=false}
[INFO][2018-04-2109:51:36][org.springframework.context.support.ClassPathXmlApplicationContext]Refreshing org.springframework.context.support.ClassPathXmlApplicationContext@34033bd0: startup date [Sat Apr 21 09:51:36 CST 2018]; root of context hierarchy
[INFO][2018-04-2109:51:37][org.springframework.beans.factory.xml.XmlBeanDefinitionReader]Loading XML bean definitions from class path resource [spring-activemq.xml]
[INFO][2018-04-2109:51:37][org.springframework.context.support.DefaultLifecycleProcessor]Starting beans in phase 2147483647
[INFO][2018-04-2109:51:38][org.springframework.jms.connection.CachingConnectionFactory]Established shared JMS Connection: ActiveMQConnection {id=ID:Lenovo-PC-65253-1524275497998-0:3,clientId=null,started=false}
[INFO][2018-04-2109:53:00][org.springframework.context.support.ClassPathXmlApplicationContext]Refreshing org.springframework.context.support.ClassPathXmlApplicationContext@34033bd0: startup date [Sat Apr 21 09:52:59 CST 2018]; root of context hierarchy
[INFO][2018-04-2109:53:00][org.springframework.beans.factory.xml.XmlBeanDefinitionReader]Loading XML bean definitions from class path resource [spring-activemq.xml]
[INFO][2018-04-2109:53:01][org.springframework.context.support.DefaultLifecycleProcessor]Starting beans in phase 2147483647
[INFO][2018-04-2109:53:01][org.springframework.jms.connection.CachingConnectionFactory]Established shared JMS Connection: ActiveMQConnection {id=ID:Lenovo-PC-65275-1524275581370-0:2,clientId=null,started=false}
[INFO][2018-05-0415:19:11][org.springframework.context.support.ClassPathXmlApplicationContext]Refreshing org.springframework.context.support.ClassPathXmlApplicationContext@61a52fbd: startup date [Fri May 04 15:19:11 CST 2018]; root of context hierarchy
[INFO][2018-05-0415:19:12][org.springframework.beans.factory.xml.XmlBeanDefinitionReader]Loading XML bean definitions from class path resource [spring-activemq.xml]
[INFO][2018-05-0415:19:13][org.springframework.context.support.DefaultLifecycleProcessor]Starting beans in phase 2147483647
[INFO][2018-05-0415:19:13][org.springframework.jms.connection.CachingConnectionFactory]Established shared JMS Connection: ActiveMQConnection {id=ID:Lenovo-PC-37075-1525418353623-0:2,clientId=null,started=false}
[INFO][2018-05-0415:19:25][org.springframework.context.support.ClassPathXmlApplicationContext]Refreshing org.springframework.context.support.ClassPathXmlApplicationContext@61a52fbd: startup date [Fri May 04 15:19:25 CST 2018]; root of context hierarchy
[INFO][2018-05-0415:19:26][org.springframework.beans.factory.xml.XmlBeanDefinitionReader]Loading XML bean definitions from class path resource [spring-activemq.xml]
[INFO][2018-05-0415:19:27][org.springframework.context.support.DefaultLifecycleProcessor]Starting beans in phase 2147483647
[INFO][2018-05-0415:19:27][org.springframework.jms.connection.CachingConnectionFactory]Established shared JMS Connection: ActiveMQConnection {id=ID:Lenovo-PC-37088-1525418367642-0:2,clientId=null,started=false}
